#
# There is insufficient memory for the Java Runtime Environment to continue.
# Native memory allocation (malloc) failed to allocate 286992 bytes for Chunk::new
# Possible reasons:
#   The system is out of physical RAM or swap space
#   In 32 bit mode, the process size limit was hit
# Possible solutions:
#   Reduce memory load on the system
#   Increase physical memory or swap space
#   Check if swap backing store is full
#   Use 64 bit Java on a 64 bit OS
#   Decrease Java heap size (-Xmx/-Xms)
#   Decrease number of Java threads
#   Decrease Java thread stack sizes (-Xss)
#   Set larger code cache with -XX:ReservedCodeCacheSize=
# This output file may be truncated or incomplete.
#
#  Out of Memory Error (allocation.cpp:323), pid=4824, tid=3356
#
# JRE version: Java(TM) SE Runtime Environment (7.0_51-b13) (build 1.7.0_51-b13)
# Java VM: Java HotSpot(TM) 64-Bit Server VM (24.51-b03 mixed mode windows-amd64 compressed oops)
# Failed to write core dump. Minidumps are not enabled by default on client versions of Windows
#

---------------  T H R E A D  ---------------

Current thread (0x0000000008a74800):  JavaThread "C2 CompilerThread1" daemon [_thread_in_native, id=3356, stack(0x000000000a0f0000,0x000000000a1f0000)]

Stack: [0x000000000a0f0000,0x000000000a1f0000]

Current CompileTask:
C2:   5096  527             java.util.ResourceBundle::getObject (82 bytes)


---------------  P R O C E S S  ---------------

Java Threads: ( => current thread )
  0x0000000008a86800 JavaThread "Service Thread" daemon [_thread_blocked, id=7496, stack(0x000000000a1f0000,0x000000000a2f0000)]
=>0x0000000008a74800 JavaThread "C2 CompilerThread1" daemon [_thread_in_native, id=3356, stack(0x000000000a0f0000,0x000000000a1f0000)]
  0x0000000008a72800 JavaThread "C2 CompilerThread0" daemon [_thread_in_native, id=3352, stack(0x0000000009ff0000,0x000000000a0f0000)]
  0x0000000008a71800 JavaThread "Attach Listener" daemon [_thread_blocked, id=6700, stack(0x0000000009ef0000,0x0000000009ff0000)]
  0x0000000008a6e000 JavaThread "Signal Dispatcher" daemon [_thread_blocked, id=7584, stack(0x0000000009df0000,0x0000000009ef0000)]
  0x0000000008a3a000 JavaThread "Finalizer" daemon [_thread_blocked, id=7488, stack(0x0000000009cf0000,0x0000000009df0000)]
  0x0000000008a31000 JavaThread "Reference Handler" daemon [_thread_blocked, id=4812, stack(0x0000000009bf0000,0x0000000009cf0000)]
  0x0000000002ae0800 JavaThread "main" [_thread_in_vm, id=7544, stack(0x00000000029e0000,0x0000000002ae0000)]

Other Threads:
  0x0000000008a2f800 VMThread [stack: 0x0000000009af0000,0x0000000009bf0000] [id=3760]
  0x0000000008a98800 WatcherThread [stack: 0x000000000a2f0000,0x000000000a3f0000] [id=8000]

VM state:not at safepoint (normal execution)

VM Mutex/Monitor currently owned by a thread: None

Heap
 PSYoungGen      total 45056K, used 6226K [0x00000000eaa80000, 0x00000000ed800000, 0x0000000100000000)
  eden space 43520K, 14% used [0x00000000eaa80000,0x00000000eb074b08,0x00000000ed500000)
  from space 1536K, 8% used [0x00000000ed500000,0x00000000ed520000,0x00000000ed680000)
  to   space 1536K, 0% used [0x00000000ed680000,0x00000000ed680000,0x00000000ed800000)
 ParOldGen       total 43520K, used 8356K [0x00000000c0000000, 0x00000000c2a80000, 0x00000000eaa80000)
  object space 43520K, 19% used [0x00000000c0000000,0x00000000c08292f8,0x00000000c2a80000)
 PSPermGen       total 21504K, used 11273K [0x00000000bae00000, 0x00000000bc300000, 0x00000000c0000000)
  object space 21504K, 52% used [0x00000000bae00000,0x00000000bb902708,0x00000000bc300000)

Card table byte_map: [0x0000000005ca0000,0x0000000005ed0000] byte_map_base: 0x00000000056c9000

Polling page: 0x00000000011f0000

Code Cache  [0x0000000002be0000, 0x0000000002e50000, 0x0000000005be0000)
 total_blobs=804 nmethods=517 adapters=240 free_code_cache=47599Kb largest_free_block=48681856

Compilation events (10 events):
Event: 4.708 Thread 0x0000000008a72800  521 % !         java.lang.ref.Reference$ReferenceHandler::run @ 0 (108 bytes)
Event: 4.712 Thread 0x0000000008a72800 nmethod 521% 0x0000000002d62310 code [0x0000000002d62480, 0x0000000002d62a18]
Event: 5.066 Thread 0x0000000008a74800  522 %           sun.misc.FloatingDecimal::dtoa @ 870 (1421 bytes)
Event: 5.075 Thread 0x0000000008a72800  523             net.sf.mpxj.Task::getUniqueID (11 bytes)
Event: 5.076 Thread 0x0000000008a72800 nmethod 523 0x0000000002d61010 code [0x0000000002d61160, 0x0000000002d61218]
Event: 5.077 Thread 0x0000000008a72800  524             net.sf.mpxj.ResourceAssignment::selectField (45 bytes)
Event: 5.078 Thread 0x0000000008a72800 nmethod 524 0x0000000002d62050 code [0x0000000002d62180, 0x0000000002d62218]
Event: 5.082 Thread 0x0000000008a74800 nmethod 522% 0x0000000002d6f150 code [0x0000000002d6f2c0, 0x0000000002d6ff28]
Event: 5.082 Thread 0x0000000008a72800  525             sun.misc.FloatingDecimal::dtoa (1421 bytes)
Event: 5.083 Thread 0x0000000008a74800  527             java.util.ResourceBundle::getObject (82 bytes)

GC Heap History (10 events):
Event: 4.766 GC heap before
{Heap before GC invocations=39 (full 0):
 PSYoungGen      total 37376K, used 34944K [0x00000000eaa80000, 0x00000000ed700000, 0x0000000100000000)
  eden space 34816K, 100% used [0x00000000eaa80000,0x00000000ecc80000,0x00000000ecc80000)
  from space 2560K, 5% used [0x00000000ece00000,0x00000000ece20000,0x00000000ed080000)
  to   space 1536K, 0% used [0x00000000ecc80000,0x00000000ecc80000,0x00000000ece00000)
 ParOldGen       total 43520K, used 8268K [0x00000000c0000000, 0x00000000c2a80000, 0x00000000eaa80000)
  object space 43520K, 18% used [0x00000000c0000000,0x00000000c08132f8,0x00000000c2a80000)
 PSPermGen       total 21504K, used 11262K [0x00000000bae00000, 0x00000000bc300000, 0x00000000c0000000)
  object space 21504K, 52% used [0x00000000bae00000,0x00000000bb8ffa98,0x00000000bc300000)
Event: 4.767 GC heap after
Heap after GC invocations=39 (full 0):
 PSYoungGen      total 36352K, used 128K [0x00000000eaa80000, 0x00000000ed800000, 0x0000000100000000)
  eden space 34816K, 0% used [0x00000000eaa80000,0x00000000eaa80000,0x00000000ecc80000)
  from space 1536K, 8% used [0x00000000ecc80000,0x00000000ecca0000,0x00000000ece00000)
  to   space 1536K, 0% used [0x00000000ed680000,0x00000000ed680000,0x00000000ed800000)
 ParOldGen       total 43520K, used 8292K [0x00000000c0000000, 0x00000000c2a80000, 0x00000000eaa80000)
  object space 43520K, 19% used [0x00000000c0000000,0x00000000c08192f8,0x00000000c2a80000)
 PSPermGen       total 21504K, used 11262K [0x00000000bae00000, 0x00000000bc300000, 0x00000000c0000000)
  object space 21504K, 52% used [0x00000000bae00000,0x00000000bb8ffa98,0x00000000bc300000)
}
Event: 4.828 GC heap before
{Heap before GC invocations=40 (full 0):
 PSYoungGen      total 36352K, used 34944K [0x00000000eaa80000, 0x00000000ed800000, 0x0000000100000000)
  eden space 34816K, 100% used [0x00000000eaa80000,0x00000000ecc80000,0x00000000ecc80000)
  from space 1536K, 8% used [0x00000000ecc80000,0x00000000ecca0000,0x00000000ece00000)
  to   space 1536K, 0% used [0x00000000ed680000,0x00000000ed680000,0x00000000ed800000)
 ParOldGen       total 43520K, used 8292K [0x00000000c0000000, 0x00000000c2a80000, 0x00000000eaa80000)
  object space 43520K, 19% used [0x00000000c0000000,0x00000000c08192f8,0x00000000c2a80000)
 PSPermGen       total 21504K, used 11262K [0x00000000bae00000, 0x00000000bc300000, 0x00000000c0000000)
  object space 21504K, 52% used [0x00000000bae00000,0x00000000bb8ffa98,0x00000000bc300000)
Event: 4.829 GC heap after
Heap after GC invocations=40 (full 0):
 PSYoungGen      total 45056K, used 128K [0x00000000eaa80000, 0x00000000ed800000, 0x0000000100000000)
  eden space 43520K, 0% used [0x00000000eaa80000,0x00000000eaa80000,0x00000000ed500000)
  from space 1536K, 8% used [0x00000000ed680000,0x00000000ed6a0000,0x00000000ed800000)
  to   space 1536K, 0% used [0x00000000ed500000,0x00000000ed500000,0x00000000ed680000)
 ParOldGen       total 43520K, used 8316K [0x00000000c0000000, 0x00000000c2a80000, 0x00000000eaa80000)
  object space 43520K, 19% used [0x00000000c0000000,0x00000000c081f2f8,0x00000000c2a80000)
 PSPermGen       total 21504K, used 11262K [0x00000000bae00000, 0x00000000bc300000, 0x00000000c0000000)
  object space 21504K, 52% used [0x00000000bae00000,0x00000000bb8ffa98,0x00000000bc300000)
}
Event: 4.904 GC heap before
{Heap before GC invocations=41 (full 0):
 PSYoungGen      total 45056K, used 43648K [0x00000000eaa80000, 0x00000000ed800000, 0x0000000100000000)
  eden space 43520K, 100% used [0x00000000eaa80000,0x00000000ed500000,0x00000000ed500000)
  from space 1536K, 8% used [0x00000000ed680000,0x00000000ed6a0000,0x00000000ed800000)
  to   space 1536K, 0% used [0x00000000ed500000,0x00000000ed500000,0x00000000ed680000)
 ParOldGen       total 43520K, used 8316K [0x00000000c0000000, 0x00000000c2a80000, 0x00000000eaa80000)
  object space 43520K, 19% used [0x00000000c0000000,0x00000000c081f2f8,0x00000000c2a80000)
 PSPermGen       total 21504K, used 11262K [0x00000000bae00000, 0x00000000bc300000, 0x00000000c0000000)
  object space 21504K, 52% used [0x00000000bae00000,0x00000000bb8ffa98,0x00000000bc300000)
Event: 4.905 GC heap after
Heap after GC invocations=41 (full 0):
 PSYoungGen      total 45056K, used 128K [0x00000000eaa80000, 0x00000000ed800000, 0x0000000100000000)
  eden space 43520K, 0% used [0x00000000eaa80000,0x00000000eaa80000,0x00000000ed500000)
  from space 1536K, 8% used [0x00000000ed500000,0x00000000ed520000,0x00000000ed680000)
  to   space 1536K, 0% used [0x00000000ed680000,0x00000000ed680000,0x00000000ed800000)
 ParOldGen       total 43520K, used 8332K [0x00000000c0000000, 0x00000000c2a80000, 0x00000000eaa80000)
  object space 43520K, 19% used [0x00000000c0000000,0x00000000c08232f8,0x00000000c2a80000)
 PSPermGen       total 21504K, used 11262K [0x00000000bae00000, 0x00000000bc300000, 0x00000000c0000000)
  object space 21504K, 52% used [0x00000000bae00000,0x00000000bb8ffa98,0x00000000bc300000)
}
Event: 4.979 GC heap before
{Heap before GC invocations=42 (full 0):
 PSYoungGen      total 45056K, used 43648K [0x00000000eaa80000, 0x00000000ed800000, 0x0000000100000000)
  eden space 43520K, 100% used [0x00000000eaa80000,0x00000000ed500000,0x00000000ed500000)
  from space 1536K, 8% used [0x00000000ed500000,0x00000000ed520000,0x00000000ed680000)
  to   space 1536K, 0% used [0x00000000ed680000,0x00000000ed680000,0x00000000ed800000)
 ParOldGen       total 43520K, used 8332K [0x00000000c0000000, 0x00000000c2a80000, 0x00000000eaa80000)
  object space 43520K, 19% used [0x00000000c0000000,0x00000000c08232f8,0x00000000c2a80000)
 PSPermGen       total 21504K, used 11262K [0x00000000bae00000, 0x00000000bc300000, 0x00000000c0000000)
  object space 21504K, 52% used [0x00000000bae00000,0x00000000bb8ffb40,0x00000000bc300000)
Event: 4.980 GC heap after
Heap after GC invocations=42 (full 0):
 PSYoungGen      total 45056K, used 128K [0x00000000eaa80000, 0x00000000ed800000, 0x0000000100000000)
  eden space 43520K, 0% used [0x00000000eaa80000,0x00000000eaa80000,0x00000000ed500000)
  from space 1536K, 8% used [0x00000000ed680000,0x00000000ed6a0000,0x00000000ed800000)
  to   space 1536K, 0% used [0x00000000ed500000,0x00000000ed500000,0x00000000ed680000)
 ParOldGen       total 43520K, used 8348K [0x00000000c0000000, 0x00000000c2a80000, 0x00000000eaa80000)
  object space 43520K, 19% used [0x00000000c0000000,0x00000000c08272f8,0x00000000c2a80000)
 PSPermGen       total 21504K, used 11262K [0x00000000bae00000, 0x00000000bc300000, 0x00000000c0000000)
  object space 21504K, 52% used [0x00000000bae00000,0x00000000bb8ffb40,0x00000000bc300000)
}
Event: 5.053 GC heap before
{Heap before GC invocations=43 (full 0):
 PSYoungGen      total 45056K, used 43648K [0x00000000eaa80000, 0x00000000ed800000, 0x0000000100000000)
  eden space 43520K, 100% used [0x00000000eaa80000,0x00000000ed500000,0x00000000ed500000)
  from space 1536K, 8% used [0x00000000ed680000,0x00000000ed6a0000,0x00000000ed800000)
  to   space 1536K, 0% used [0x00000000ed500000,0x00000000ed500000,0x00000000ed680000)
 ParOldGen       total 43520K, used 8348K [0x00000000c0000000, 0x00000000c2a80000, 0x00000000eaa80000)
  object space 43520K, 19% used [0x00000000c0000000,0x00000000c08272f8,0x00000000c2a80000)
 PSPermGen       total 21504K, used 11262K [0x00000000bae00000, 0x00000000bc300000, 0x00000000c0000000)
  object space 21504K, 52% used [0x00000000bae00000,0x00000000bb8ffb40,0x00000000bc300000)
Event: 5.055 GC heap after
Heap after GC invocations=43 (full 0):
 PSYoungGen      total 45056K, used 128K [0x00000000eaa80000, 0x00000000ed800000, 0x0000000100000000)
  eden space 43520K, 0% used [0x00000000eaa80000,0x00000000eaa80000,0x00000000ed500000)
  from space 1536K, 8% used [0x00000000ed500000,0x00000000ed520000,0x00000000ed680000)
  to   space 1536K, 0% used [0x00000000ed680000,0x00000000ed680000,0x00000000ed800000)
 ParOldGen       total 43520K, used 8356K [0x00000000c0000000, 0x00000000c2a80000, 0x00000000eaa80000)
  object space 43520K, 19% used [0x00000000c0000000,0x00000000c08292f8,0x00000000c2a80000)
 PSPermGen       total 21504K, used 11262K [0x00000000bae00000, 0x00000000bc300000, 0x00000000c0000000)
  object space 21504K, 52% used [0x00000000bae00000,0x00000000bb8ffb40,0x00000000bc300000)
}

Deoptimization events (10 events):
Event: 3.310 Thread 0x0000000002ae0800 Uncommon trap: reason=class_check action=maybe_recompile pc=0x0000000002d33cac method=java.util.Collections.sort(Ljava/util/List;)V @ 1
Event: 3.310 Thread 0x0000000002ae0800 Uncommon trap: reason=class_check action=maybe_recompile pc=0x0000000002c567e8 method=java.util.ComparableTimSort.countRunAndMakeAscending([Ljava/lang/Object;II)I @ 36
Event: 3.311 Thread 0x0000000002ae0800 Uncommon trap: reason=predicate action=maybe_recompile pc=0x0000000002cfb0d0 method=java.util.Arrays.fill([Ljava/lang/Object;Ljava/lang/Object;)V @ 10
Event: 3.315 Thread 0x0000000002ae0800 Uncommon trap: reason=null_check action=make_not_entrant pc=0x0000000002d32bb4 method=net.sf.mpxj.Task.getDuration()Lnet/sf/mpxj/Duration; @ 7
Event: 3.338 Thread 0x0000000002ae0800 Uncommon trap: reason=null_check action=make_not_entrant pc=0x0000000002d0db74 method=net.sf.mpxj.Task.getID()Ljava/lang/Integer; @ 7
Event: 4.118 Thread 0x0000000002ae0800 Uncommon trap: reason=unloaded action=reinterpret pc=0x0000000002cac864 method=sun.misc.FloatingDecimal.dtoa(IJI)V @ 1008
Event: 4.170 Thread 0x0000000002ae0800 Uncommon trap: reason=class_check action=maybe_recompile pc=0x0000000002d33cac method=java.util.Collections.sort(Ljava/util/List;)V @ 1
Event: 4.170 Thread 0x0000000002ae0800 Uncommon trap: reason=class_check action=maybe_recompile pc=0x0000000002c567e8 method=java.util.ComparableTimSort.countRunAndMakeAscending([Ljava/lang/Object;II)I @ 36
Event: 4.234 Thread 0x0000000002ae0800 Uncommon trap: reason=unreached action=reinterpret pc=0x0000000002cc5cec method=java.util.WeakHashMap.expungeStaleEntries()V @ 9
Event: 4.234 Thread 0x0000000002ae0800 Uncommon trap: reason=unreached action=reinterpret pc=0x0000000002d13634 method=java.util.WeakHashMap.expungeStaleEntries()V @ 53

Internal exceptions (10 events):
Event: 1.593 Thread 0x0000000002ae0800 Threw 0x00000000ead11b20 at C:\re\jdk7u51\527\hotspot\src\share\vm\prims\jvm.cpp:1244
Event: 1.596 Thread 0x0000000002ae0800 Threw 0x00000000ead1c830 at C:\re\jdk7u51\527\hotspot\src\share\vm\prims\jvm.cpp:1244
Event: 1.612 Thread 0x0000000002ae0800 Threw 0x00000000ead4ef08 at C:\re\jdk7u51\527\hotspot\src\share\vm\prims\jvm.cpp:1244
Event: 1.621 Thread 0x0000000002ae0800 Implicit null exception at 0x0000000002c4b352 to 0x0000000002c4b519
Event: 1.779 Thread 0x0000000002ae0800 Implicit null exception at 0x0000000002caafc0 to 0x0000000002cabfc1
Event: 2.457 Thread 0x0000000002ae0800 Implicit null exception at 0x0000000002d1003b to 0x0000000002d10ab5
Event: 2.667 Thread 0x0000000002ae0800 Implicit null exception at 0x0000000002cd9765 to 0x0000000002cd9829
Event: 2.849 Thread 0x0000000002ae0800 Implicit null exception at 0x0000000002d322a7 to 0x0000000002d324b9
Event: 3.315 Thread 0x0000000002ae0800 Implicit null exception at 0x0000000002d32b5c to 0x0000000002d32ba9
Event: 3.338 Thread 0x0000000002ae0800 Implicit null exception at 0x0000000002d0db1c to 0x0000000002d0db69

Events (10 events):
Event: 4.828 Executing VM operation: ParallelGCFailedAllocation
Event: 4.829 Executing VM operation: ParallelGCFailedAllocation done
Event: 4.904 Executing VM operation: ParallelGCFailedAllocation
Event: 4.905 Executing VM operation: ParallelGCFailedAllocation done
Event: 4.979 Executing VM operation: ParallelGCFailedAllocation
Event: 4.980 Executing VM operation: ParallelGCFailedAllocation done
Event: 5.053 Executing VM operation: ParallelGCFailedAllocation
Event: 5.055 Executing VM operation: ParallelGCFailedAllocation done
Event: 5.087 loading class 0x0000000002b51eb0
Event: 5.087 loading class 0x0000000002b51eb0 done


Dynamic libraries:
0x00007ff6b0760000 - 0x00007ff6b0793000 	C:\Program Files\Java\jre7\bin\javaw.exe
0x00007ff904d80000 - 0x00007ff904f29000 	C:\Windows\SYSTEM32\ntdll.dll
0x00007ff903ef0000 - 0x00007ff904029000 	C:\Windows\system32\KERNEL32.DLL
0x00007ff902270000 - 0x00007ff90237e000 	C:\Windows\system32\KERNELBASE.dll
0x00007ff900d00000 - 0x00007ff900d8b000 	C:\Windows\system32\apphelp.dll
0x00007ff8e7470000 - 0x00007ff8e74bf000 	C:\Windows\AppPatch\AppPatch64\AcGenral.DLL
0x00007ff904520000 - 0x00007ff9045c7000 	C:\Windows\system32\msvcrt.dll
0x00007ff901eb0000 - 0x00007ff901edb000 	C:\Windows\SYSTEM32\SspiCli.dll
0x00007ff9045d0000 - 0x00007ff904621000 	C:\Windows\system32\SHLWAPI.dll
0x00007ff904830000 - 0x00007ff9049a1000 	C:\Windows\system32\USER32.dll
0x00007ff904030000 - 0x00007ff9041a6000 	C:\Windows\system32\ole32.dll
0x00007ff902760000 - 0x00007ff903b70000 	C:\Windows\system32\SHELL32.dll
0x00007ff9019f0000 - 0x00007ff901a0f000 	C:\Windows\SYSTEM32\USERENV.dll
0x00007ff9049f0000 - 0x00007ff904a95000 	C:\Windows\system32\ADVAPI32.dll
0x00007ff8f9c60000 - 0x00007ff8f9c7b000 	C:\Windows\SYSTEM32\MPR.dll
0x00007ff904aa0000 - 0x00007ff904bd6000 	C:\Windows\system32\RPCRT4.dll
0x00007ff904410000 - 0x00007ff904467000 	C:\Windows\SYSTEM32\sechost.dll
0x00007ff904630000 - 0x00007ff904807000 	C:\Windows\SYSTEM32\combase.dll
0x00007ff902610000 - 0x00007ff902755000 	C:\Windows\system32\GDI32.dll
0x00007ff902100000 - 0x00007ff902114000 	C:\Windows\SYSTEM32\profapi.dll
0x00007ff900760000 - 0x00007ff900801000 	C:\Windows\SYSTEM32\SHCORE.dll
0x00007ff9049b0000 - 0x00007ff9049e4000 	C:\Windows\system32\IMM32.DLL
0x00007ff903d50000 - 0x00007ff903e88000 	C:\Windows\system32\MSCTF.dll
0x00007ff9020c0000 - 0x00007ff9020ef000 	C:\Windows\system32\nvinitx.dll
0x00007ff900120000 - 0x00007ff90037a000 	C:\Windows\WinSxS\amd64_microsoft.windows.common-controls_6595b64144ccf1df_6.0.9600.16384_none_62475f7becb72503\COMCTL32.dll
0x0000000060c00000 - 0x0000000060cd2000 	C:\Program Files\Java\jre7\bin\msvcr100.dll
0x0000000060430000 - 0x0000000060bf9000 	C:\Program Files\Java\jre7\bin\server\jvm.dll
0x00007ff8ff820000 - 0x00007ff8ff829000 	C:\Windows\SYSTEM32\WSOCK32.dll
0x00007ff8ff860000 - 0x00007ff8ff87f000 	C:\Windows\SYSTEM32\WINMM.dll
0x00007ff9041b0000 - 0x00007ff9041b7000 	C:\Windows\system32\PSAPI.DLL
0x00007ff904be0000 - 0x00007ff904c38000 	C:\Windows\system32\WS2_32.dll
0x00007ff8ff6c0000 - 0x00007ff8ff6ea000 	C:\Windows\SYSTEM32\WINMMBASE.dll
0x00007ff904c40000 - 0x00007ff904c49000 	C:\Windows\system32\NSI.dll
0x00007ff902220000 - 0x00007ff90226a000 	C:\Windows\SYSTEM32\cfgmgr32.dll
0x00007ff900f60000 - 0x00007ff900f86000 	C:\Windows\SYSTEM32\DEVOBJ.dll
0x0000000060420000 - 0x000000006042f000 	C:\Program Files\Java\jre7\bin\verify.dll
0x00000000603f0000 - 0x0000000060418000 	C:\Program Files\Java\jre7\bin\java.dll
0x00000000603d0000 - 0x00000000603e5000 	C:\Program Files\Java\jre7\bin\zip.dll
0x00000000603b0000 - 0x00000000603c9000 	C:\Program Files\Java\jre7\bin\net.dll
0x00007ff901a10000 - 0x00007ff901a68000 	C:\Windows\system32\mswsock.dll
0x0000000060390000 - 0x00000000603a1000 	C:\Program Files\Java\jre7\bin\nio.dll
0x0000000060160000 - 0x00000000602f5000 	C:\Program Files\Java\jre7\bin\awt.dll
0x00007ff904c50000 - 0x00007ff904d07000 	C:\Windows\system32\OLEAUT32.dll

VM Arguments:
jvm_args: -Dfile.encoding=Cp1250 
java_command: CSP_Main
Launcher Type: SUN_STANDARD

Environment Variables:
PATH=C:\Program Files (x86)\NVIDIA Corporation\PhysX\Common;C:\Windows\system32;C:\Windows;C:\Windows\System32\Wbem;C:\Windows\System32\WindowsPowerShell\v1.0\;C:\Program Files (x86)\Microsoft SQL Server\100\Tools\Binn\;C:\Program Files\Microsoft SQL Server\100\Tools\Binn\;C:\Program Files\Microsoft SQL Server\100\DTS\Binn\;C:\Program Files (x86)\Windows Kits\8.1\Windows Performance Toolkit\;C:\Program Files\Microsoft SQL Server\110\Tools\Binn\;C:\Program Files\Microsoft SQL Server\110\DTS\Binn\;C:\Program Files (x86)\Microsoft SQL Server\110\Tools\Binn\;C:\Program Files (x86)\Microsoft SQL Server\110\Tools\Binn\ManagementStudio\;C:\Program Files (x86)\Microsoft Visual Studio 10.0\Common7\IDE\PrivateAssemblies\;C:\Program Files (x86)\Microsoft SQL Server\110\DTS\Binn\;.;;.;;.;
USERNAME=kluza_000
OS=Windows_NT
PROCESSOR_IDENTIFIER=AMD64 Family 16 Model 4 Stepping 3, AuthenticAMD



---------------  S Y S T E M  ---------------

OS: Windows 8 , 64 bit Build 9200 

CPU:total 4 (4 cores per cpu, 1 threads per core) family 16 model 4 stepping 3, cmov, cx8, fxsr, mmx, sse, sse2, sse3, popcnt, mmxext, 3dnowpref, lzcnt, sse4a, tsc, tscinvbit, tscinv

Memory: 4k page, physical 4192436k(651764k free), swap 5241012k(9152k free)

vm_info: Java HotSpot(TM) 64-Bit Server VM (24.51-b03) for windows-amd64 JRE (1.7.0_51-b13), built on Dec 18 2013 18:40:56 by "java_re" with unknown MS VC++:1600

time: Mon Apr 14 14:16:49 2014
elapsed time: 5 seconds

